<?xml version="1.0" encoding="UTF-8"?>
<testsuite xmlns:xsi="http://www.w3.org/2001/XMLSchema-instance" xsi:noNamespaceSchemaLocation="https://maven.apache.org/surefire/maven-surefire-plugin/xsd/surefire-test-report-3.0.xsd" version="3.0" name="com.maykelmarrero.springboot.finangportal.FinangportalApplicationTests" time="2.66" tests="1" errors="0" skipped="0" failures="0">
  <properties>
[...]
</properties>
  <testcase name="contextLoads" classname="com.maykelmarrero.springboot.finangportal.FinangportalApplicationTests" time="0.317">
    <system-out><![CDATA[15:17:03.605 [main] INFO org.springframework.test.context.support.AnnotationConfigContextLoaderUtils -- Could not detect default configuration classes for test class [com.maykelmarrero.springboot.finangportal.FinangportalApplicationTests]: FinangportalApplicationTests does not declare any static, non-private, non-final, nested classes annotated with @Configuration.
15:17:03.650 [main] INFO org.springframework.boot.test.context.SpringBootTestContextBootstrapper -- Found @SpringBootConfiguration com.maykelmarrero.springboot.finangportal.FinangportalApplication for test class com.maykelmarrero.springboot.finangportal.FinangportalApplicationTests

  .   ____          _            __ _ _
 /\\ / ___'_ __ _ _(_)_ __  __ _ \ \ \ \
( ( )\___ | '_ | '_| | '_ \/ _` | \ \ \ \
 \\/  ___)| |_)| | | | | || (_| |  ) ) ) )
  '  |____| .__|_| |_|_| |_\__, | / / / /
 =========|_|==============|___/=/_/_/_/
 :: Spring Boot ::                (v3.1.0)

2023-10-20T15:17:03.825+02:00  INFO 6767 --- [           main] c.m.s.f.FinangportalApplicationTests     : Starting FinangportalApplicationTests using Java 19.0.1 with PID 6767 (started by maykel in /Users/maykel/Spring-project/applidoc-repository/07-spring-boot-spring-mvc-crud/01-finangportal)
2023-10-20T15:17:03.825+02:00  INFO 6767 --- [           main] c.m.s.f.FinangportalApplicationTests     : No active profile set, falling back to 1 default profile: "default"
2023-10-20T15:17:04.116+02:00  INFO 6767 --- [           main] .s.d.r.c.RepositoryConfigurationDelegate : Bootstrapping Spring Data JPA repositories in DEFAULT mode.
2023-10-20T15:17:04.151+02:00  INFO 6767 --- [           main] .s.d.r.c.RepositoryConfigurationDelegate : Finished Spring Data repository scanning in 30 ms. Found 6 JPA repository interfaces.
2023-10-20T15:17:04.386+02:00  INFO 6767 --- [           main] com.zaxxer.hikari.HikariDataSource       : HikariPool-1 - Starting...
2023-10-20T15:17:04.570+02:00  INFO 6767 --- [           main] com.zaxxer.hikari.pool.HikariPool        : HikariPool-1 - Added connection com.mysql.cj.jdbc.ConnectionImpl@6ee5f485
2023-10-20T15:17:04.573+02:00  INFO 6767 --- [           main] com.zaxxer.hikari.HikariDataSource       : HikariPool-1 - Start completed.
2023-10-20T15:17:04.596+02:00  INFO 6767 --- [           main] o.hibernate.jpa.internal.util.LogHelper  : HHH000204: Processing PersistenceUnitInfo [name: default]
2023-10-20T15:17:04.623+02:00  INFO 6767 --- [           main] org.hibernate.Version                    : HHH000412: Hibernate ORM core version 6.2.2.Final
2023-10-20T15:17:04.624+02:00  INFO 6767 --- [           main] org.hibernate.cfg.Environment            : HHH000406: Using bytecode reflection optimizer
2023-10-20T15:17:04.691+02:00  INFO 6767 --- [           main] o.h.b.i.BytecodeProviderInitiator        : HHH000021: Bytecode provider name : bytebuddy
2023-10-20T15:17:04.755+02:00  INFO 6767 --- [           main] o.s.o.j.p.SpringPersistenceUnitInfo      : No LoadTimeWeaver setup: ignoring JPA class transformer
2023-10-20T15:17:04.808+02:00  INFO 6767 --- [           main] org.hibernate.orm.dialect                : HHH035001: Using dialect: org.hibernate.dialect.MySQLDialect, version: 8.1
2023-10-20T15:17:04.925+02:00  INFO 6767 --- [           main] o.h.b.i.BytecodeProviderInitiator        : HHH000021: Bytecode provider name : bytebuddy
2023-10-20T15:17:05.274+02:00  INFO 6767 --- [           main] o.h.e.t.j.p.i.JtaPlatformInitiator       : HHH000490: Using JtaPlatform implementation: [org.hibernate.engine.transaction.jta.platform.internal.NoJtaPlatform]
2023-10-20T15:17:05.275+02:00  INFO 6767 --- [           main] j.LocalContainerEntityManagerFactoryBean : Initialized JPA EntityManagerFactory for persistence unit 'default'
2023-10-20T15:17:05.572+02:00  WARN 6767 --- [           main] JpaBaseConfiguration$JpaWebConfiguration : spring.jpa.open-in-view is enabled by default. Therefore, database queries may be performed during view rendering. Explicitly configure spring.jpa.open-in-view to disable this warning
2023-10-20T15:17:05.658+02:00  INFO 6767 --- [           main] o.s.b.a.w.s.WelcomePageHandlerMapping    : Adding welcome page: class path resource [static/index.html]
2023-10-20T15:17:05.775+02:00  WARN 6767 --- [           main] .s.s.UserDetailsServiceAutoConfiguration : 

Using generated security password: 7f2c7dac-be64-422c-888e-21ad70cdd7e1

This generated password is for development use only. Your security configuration must be updated before running your application in production.

2023-10-20T15:17:05.832+02:00  INFO 6767 --- [           main] o.s.s.web.DefaultSecurityFilterChain     : Will secure any request with [org.springframework.security.web.session.DisableEncodeUrlFilter@36c5a4b7, org.springframework.security.web.context.request.async.WebAsyncManagerIntegrationFilter@1bb3e150, org.springframework.security.web.context.SecurityContextHolderFilter@711261c7, org.springframework.security.web.header.HeaderWriterFilter@23243bc0, org.springframework.security.web.csrf.CsrfFilter@90b9695, org.springframework.security.web.authentication.logout.LogoutFilter@10b0dd3a, org.springframework.security.web.authentication.UsernamePasswordAuthenticationFilter@542c6165, org.springframework.security.web.authentication.ui.DefaultLoginPageGeneratingFilter@5bb661e0, org.springframework.security.web.authentication.ui.DefaultLogoutPageGeneratingFilter@6821d4e1, org.springframework.security.web.authentication.www.BasicAuthenticationFilter@58dea0a7, org.springframework.security.web.savedrequest.RequestCacheAwareFilter@659565ed, org.springframework.security.web.servletapi.SecurityContextHolderAwareRequestFilter@42a89cef, org.springframework.security.web.authentication.AnonymousAuthenticationFilter@3ac76ad9, org.springframework.security.web.access.ExceptionTranslationFilter@1e6f7c25, org.springframework.security.web.access.intercept.AuthorizationFilter@2d5b549b]
2023-10-20T15:17:05.859+02:00  INFO 6767 --- [           main] c.m.s.f.FinangportalApplicationTests     : Started FinangportalApplicationTests in 2.146 seconds (process running for 2.54)
]]></system-out>
  </testcase>
</testsuite>